<?xml version='1.0' encoding='UTF-8'?>
<testsuite hostname="DESKTOP-V42VOED" name="MazeInputTest" tests="1" errors="0" failures="0" skipped="0" time="0.037" timestamp="2025-03-20T21:39:30">
          <properties>
      <property name="java.specification.version" value="17"/><property name="sun.cpu.isalist" value="amd64"/><property name="sun.jnu.encoding" value="MS874"/><property name="sun.arch.data.model" value="64"/><property name="java.vendor.url" value="https://adoptium.net/"/><property name="sun.boot.library.path" value="C:\Users\USER\AppData\Local\Programs\Eclipse Adoptium\jdk-17.0.9.9-hotspot\bin"/><property name="sun.java.command" value="xsbt.boot.Boot test"/><property name="jdk.debug" value="release"/><property name="sun.stderr.encoding" value="ms874"/><property name="java.specification.vendor" value="Oracle Corporation"/><property name="java.version.date" value="2023-10-17"/><property name="java.home" value="C:\Users\USER\AppData\Local\Programs\Eclipse Adoptium\jdk-17.0.9.9-hotspot"/><property name="file.separator" value="\"/><property name="java.vm.compressedOopsMode" value="32-bit"/><property name="line.separator" value="
"/><property name="sun.stdout.encoding" value="ms874"/><property name="java.vm.specification.vendor" value="Oracle Corporation"/><property name="java.specification.name" value="Java Platform API Specification"/><property name="user.script" value=""/><property name="sun.management.compiler" value="HotSpot 64-Bit Tiered Compilers"/><property name="java.runtime.version" value="17.0.9+9"/><property name="user.name" value="USER"/><property name="log4j.ignoreTCL" value="true"/><property name="file.encoding" value="UTF-8"/><property name="jnidispatch.path" value="C:\Users\USER\AppData\Local\Temp\jna-2614219\jna16917412222810119264.dll"/><property name="java.vendor.version" value="Temurin-17.0.9+9"/><property name="jna.loaded" value="true"/><property name="java.io.tmpdir" value="C:\Users\USER\AppData\Local\Temp\"/><property name="java.version" value="17.0.9"/><property name="java.vm.specification.name" value="Java Virtual Machine Specification"/><property name="sun.os.patch.level" value=""/><property name="native.encoding" value="MS874"/><property name="java.library.path" value="C:\Users\USER\AppData\Local\Programs\Eclipse Adoptium\jdk-17.0.9.9-hotspot\bin;C:\WINDOWS\Sun\Java\bin;C:\WINDOWS\system32;C:\WINDOWS;C:\Users\USER\AppData\Local\Programs\Eclipse Adoptium\jdk-17.0.9.9-hotspot\\bin;C:\Program Files\Amazon Corretto\jdk21.0.6_7\bin;C:\WINDOWS\system32;C:\WINDOWS;C:\WINDOWS\System32\Wbem;C:\WINDOWS\System32\WindowsPowerShell\v1.0\;C:\WINDOWS\System32\OpenSSH\;C:\Program Files\Git\cmd;C:\Users\USER\AppData\Local\Packages\PythonSoftwareFoundation.Python.3.9_qbz5n2kfra8p0\LocalCache\local-packages\Python39\Scripts;C:\Users\USER\apache-maven-3.9.9\bin;C:\Program Files\MariaDB 11.6\bin;;C:\Program Files\Docker\Docker\resources\bin;C:\Users\USER\.cargo\bin;C:\Program Files\Amazon Corretto\jdk21.0.6_7\bin;C:\Users\USER\AppData\Local\Microsoft\WindowsApps;C:\Users\USER\AppData\Local\Programs\Microsoft VS Code\bin;C:\Users\USER\AppData\Local\GitHubDesktop\bin;C:\MinGW\bin;C:\Users\USER\AppData\Local\Programs\MiKTeX\miktex\bin\x64\;C:\Users\USER\AppData\Local\Pandoc\;C:\Users\USER\AppData\Local\Coursier\data\bin;C:\Program Files\JetBrains\IntelliJ IDEA 2024.3.1.1\bin;;C:\Users\USER\AppData\Local\Microsoft\WindowsApps;;c:\Users\USER\AppData\Roaming\Code\User\globalStorage\github.copilot-chat\debugCommand;."/><property name="java.vendor" value="Eclipse Adoptium"/><property name="scala.ext.dirs" value="C:\Users\USER\.sbt\1.0\java9-rt-ext-eclipse_adoptium_17_0_9"/><property name="sun.io.unicode.encoding" value="UnicodeLittle"/><property name="java.class.path" value="C:\Users\USER\AppData\Local\Coursier\cache\arc\https\github.com\sbt\sbt\releases\download\v1.10.7\sbt-1.10.7.zip\sbt\bin\sbt-launch.jar"/><property name="java.vm.vendor" value="Eclipse Adoptium"/><property name="user.variant" value=""/><property name="jline.shutdownhook" value="false"/><property name="user.timezone" value="Asia/Bangkok"/><property name="java.vm.specification.version" value="17"/><property name="os.name" value="Windows 11"/><property name="sun.java.launcher" value="SUN_STANDARD"/><property name="user.country" value="US"/><property name="sun.cpu.endian" value="little"/><property name="user.home" value="C:\Users\USER"/><property name="user.language" value="en"/><property name="sbt.ipcsocket.tmpdir" value="C:\Users\USER\AppData\Local\Temp\.sbt2bf91e3d\ipcsocket"/><property name="swoval.tmpdir" value="C:\Users\USER\AppData\Local\Temp\.sbt2bf91e3d\swoval"/><property name="jline.esc.timeout" value="0"/><property name="path.separator" value=";"/><property name="os.version" value="10.0"/><property name="jna.nosys" value="true"/><property name="java.runtime.name" value="OpenJDK Runtime Environment"/><property name="java.vm.name" value="OpenJDK 64-Bit Server VM"/><property name="java.vendor.url.bug" value="https://github.com/adoptium/adoptium-support/issues"/><property name="user.dir" value="D:\FUNPAR\FunParProject\FunPar-Project-Maze-Solver"/><property name="os.arch" value="amd64"/><property name="java.vm.info" value="mixed mode, sharing"/><property name="java.vm.version" value="17.0.9+9"/><property name="java.class.version" value="61.0"/>
    </properties>
          <testcase classname="MazeInputTest" name="readMaze should correctly read a small 2x2 maze" time="0.037">
                      
                    </testcase>
          <system-out><![CDATA[]]></system-out>
          <system-err><![CDATA[]]></system-err>
        </testsuite>